mode: atomic
github.com/hashicorp-forge/hermes/tests/api/client.go:22.54,28.2 1 7
github.com/hashicorp-forge/hermes/tests/api/client.go:32.40,34.2 1 2
github.com/hashicorp-forge/hermes/tests/api/client.go:37.45,39.2 1 0
github.com/hashicorp-forge/hermes/tests/api/client.go:42.64,44.2 1 0
github.com/hashicorp-forge/hermes/tests/api/client.go:47.63,49.2 1 0
github.com/hashicorp-forge/hermes/tests/api/client.go:52.65,54.2 1 0
github.com/hashicorp-forge/hermes/tests/api/client.go:57.48,59.2 1 0
github.com/hashicorp-forge/hermes/tests/api/client.go:62.75,65.17 2 0
github.com/hashicorp-forge/hermes/tests/api/client.go:65.17,67.17 2 0
github.com/hashicorp-forge/hermes/tests/api/client.go:67.17,69.4 1 0
github.com/hashicorp-forge/hermes/tests/api/client.go:70.3,70.38 1 0
github.com/hashicorp-forge/hermes/tests/api/client.go:73.2,75.16 3 0
github.com/hashicorp-forge/hermes/tests/api/client.go:75.16,77.3 1 0
github.com/hashicorp-forge/hermes/tests/api/client.go:79.2,79.17 1 0
github.com/hashicorp-forge/hermes/tests/api/client.go:79.17,81.3 1 0
github.com/hashicorp-forge/hermes/tests/api/client.go:84.2,84.18 1 0
github.com/hashicorp-forge/hermes/tests/api/client.go:84.18,86.3 1 0
github.com/hashicorp-forge/hermes/tests/api/client.go:88.2,89.16 2 0
github.com/hashicorp-forge/hermes/tests/api/client.go:89.16,91.3 1 0
github.com/hashicorp-forge/hermes/tests/api/client.go:93.2,96.3 1 0
github.com/hashicorp-forge/hermes/tests/api/client.go:100.80,102.16 2 0
github.com/hashicorp-forge/hermes/tests/api/client.go:102.16,104.3 1 0
github.com/hashicorp-forge/hermes/tests/api/client.go:106.2,107.27 2 0
github.com/hashicorp-forge/hermes/tests/api/client.go:107.27,109.3 1 0
github.com/hashicorp-forge/hermes/tests/api/client.go:110.2,113.16 3 0
github.com/hashicorp-forge/hermes/tests/api/client.go:113.16,115.3 1 0
github.com/hashicorp-forge/hermes/tests/api/client.go:117.2,117.18 1 0
github.com/hashicorp-forge/hermes/tests/api/client.go:117.18,119.3 1 0
github.com/hashicorp-forge/hermes/tests/api/client.go:121.2,122.16 2 0
github.com/hashicorp-forge/hermes/tests/api/client.go:122.16,124.3 1 0
github.com/hashicorp-forge/hermes/tests/api/client.go:126.2,129.3 1 0
github.com/hashicorp-forge/hermes/tests/api/client.go:140.57,141.30 1 0
github.com/hashicorp-forge/hermes/tests/api/client.go:141.30,144.3 2 0
github.com/hashicorp-forge/hermes/tests/api/client.go:145.2,145.10 1 0
github.com/hashicorp-forge/hermes/tests/api/client.go:149.47,151.2 1 0
github.com/hashicorp-forge/hermes/tests/api/client.go:154.52,156.2 1 0
github.com/hashicorp-forge/hermes/tests/api/client.go:159.54,161.2 1 0
github.com/hashicorp-forge/hermes/tests/api/client.go:164.55,166.2 1 0
github.com/hashicorp-forge/hermes/tests/api/client.go:169.57,171.2 1 0
github.com/hashicorp-forge/hermes/tests/api/client.go:174.54,176.2 1 0
github.com/hashicorp-forge/hermes/tests/api/client.go:179.53,181.2 1 0
github.com/hashicorp-forge/hermes/tests/api/client.go:184.64,186.2 1 0
github.com/hashicorp-forge/hermes/tests/api/client.go:190.56,192.16 2 0
github.com/hashicorp-forge/hermes/tests/api/client.go:192.16,194.3 1 0
github.com/hashicorp-forge/hermes/tests/api/client.go:195.2,197.48 2 0
github.com/hashicorp-forge/hermes/tests/api/client.go:197.48,199.3 1 0
github.com/hashicorp-forge/hermes/tests/api/client.go:200.2,200.10 1 0
github.com/hashicorp-forge/hermes/tests/api/client.go:204.88,206.16 2 0
github.com/hashicorp-forge/hermes/tests/api/client.go:206.16,208.3 1 0
github.com/hashicorp-forge/hermes/tests/api/client.go:209.2,212.52 3 0
github.com/hashicorp-forge/hermes/tests/api/client.go:212.52,214.3 1 0
github.com/hashicorp-forge/hermes/tests/api/client.go:216.2,217.9 2 0
github.com/hashicorp-forge/hermes/tests/api/client.go:217.9,219.3 1 0
github.com/hashicorp-forge/hermes/tests/api/client.go:221.2,221.58 1 0
github.com/hashicorp-forge/hermes/tests/api/client.go:221.58,223.3 1 0
github.com/hashicorp-forge/hermes/tests/api/client.go:225.2,225.10 1 0
github.com/hashicorp-forge/hermes/tests/api/client.go:229.37,231.16 2 0
github.com/hashicorp-forge/hermes/tests/api/client.go:231.16,233.3 1 0
github.com/hashicorp-forge/hermes/tests/api/client.go:234.2,235.21 2 0
github.com/hashicorp-forge/hermes/tests/api/client.go:239.64,241.29 2 0
github.com/hashicorp-forge/hermes/tests/api/client.go:241.29,243.3 1 0
github.com/hashicorp-forge/hermes/tests/api/client.go:244.2,244.10 1 0
github.com/hashicorp-forge/hermes/tests/api/client.go:248.38,251.2 1 0
github.com/hashicorp-forge/hermes/tests/api/helpers.go:35.80,39.21 3 0
github.com/hashicorp-forge/hermes/tests/api/helpers.go:39.21,41.3 1 0
github.com/hashicorp-forge/hermes/tests/api/helpers.go:43.2,43.15 1 0
github.com/hashicorp-forge/hermes/tests/api/helpers.go:43.15,44.31 1 0
github.com/hashicorp-forge/hermes/tests/api/helpers.go:44.31,47.4 2 0
github.com/hashicorp-forge/hermes/tests/api/helpers.go:50.3,50.45 1 0
github.com/hashicorp-forge/hermes/tests/api/helpers.go:50.45,52.4 1 0
github.com/hashicorp-forge/hermes/tests/api/helpers.go:55.2,55.11 1 0
github.com/hashicorp-forge/hermes/tests/api/helpers.go:76.89,78.33 2 0
github.com/hashicorp-forge/hermes/tests/api/helpers.go:78.33,80.3 1 0
github.com/hashicorp-forge/hermes/tests/api/helpers.go:103.101,105.33 2 0
github.com/hashicorp-forge/hermes/tests/api/helpers.go:105.33,108.3 2 0
github.com/hashicorp-forge/hermes/tests/api/helpers.go:112.48,113.21 1 0
github.com/hashicorp-forge/hermes/tests/api/helpers.go:113.21,115.3 1 0
github.com/hashicorp-forge/hermes/tests/api/helpers.go:117.2,121.63 3 0
github.com/hashicorp-forge/hermes/tests/api/helpers.go:121.63,126.3 2 0
github.com/hashicorp-forge/hermes/tests/api/helpers.go:129.2,129.72 1 0
github.com/hashicorp-forge/hermes/tests/api/helpers.go:129.72,134.3 2 0
github.com/hashicorp-forge/hermes/tests/api/helpers.go:136.2,136.73 1 0
github.com/hashicorp-forge/hermes/tests/api/helpers.go:136.73,142.3 2 0
github.com/hashicorp-forge/hermes/tests/api/helpers.go:146.56,147.21 1 0
github.com/hashicorp-forge/hermes/tests/api/helpers.go:147.21,149.3 1 0
github.com/hashicorp-forge/hermes/tests/api/helpers.go:151.2,155.25 3 0
github.com/hashicorp-forge/hermes/tests/api/helpers.go:155.25,158.78 3 0
github.com/hashicorp-forge/hermes/tests/api/helpers.go:158.78,163.4 2 0
github.com/hashicorp-forge/hermes/tests/api/suite.go:79.52,87.46 2 0
github.com/hashicorp-forge/hermes/tests/api/suite.go:87.46,89.3 1 0
github.com/hashicorp-forge/hermes/tests/api/suite.go:92.2,92.44 1 0
github.com/hashicorp-forge/hermes/tests/api/suite.go:92.44,94.3 1 0
github.com/hashicorp-forge/hermes/tests/api/suite.go:97.2,100.27 2 0
github.com/hashicorp-forge/hermes/tests/api/suite.go:100.27,101.36 1 0
github.com/hashicorp-forge/hermes/tests/api/suite.go:101.36,104.4 2 0
github.com/hashicorp-forge/hermes/tests/api/suite.go:108.2,108.44 1 0
github.com/hashicorp-forge/hermes/tests/api/suite.go:108.44,111.3 2 0
github.com/hashicorp-forge/hermes/tests/api/suite.go:114.2,116.14 2 0
github.com/hashicorp-forge/hermes/tests/api/suite.go:120.39,122.15 2 0
github.com/hashicorp-forge/hermes/tests/api/suite.go:122.15,124.3 1 0
github.com/hashicorp-forge/hermes/tests/api/suite.go:126.2,127.16 2 0
github.com/hashicorp-forge/hermes/tests/api/suite.go:127.16,129.3 1 0
github.com/hashicorp-forge/hermes/tests/api/suite.go:131.2,135.72 3 0
github.com/hashicorp-forge/hermes/tests/api/suite.go:135.72,137.3 1 0
github.com/hashicorp-forge/hermes/tests/api/suite.go:140.2,140.43 1 0
github.com/hashicorp-forge/hermes/tests/api/suite.go:140.43,142.3 1 0
github.com/hashicorp-forge/hermes/tests/api/suite.go:145.2,145.49 1 0
github.com/hashicorp-forge/hermes/tests/api/suite.go:145.49,147.3 1 0
github.com/hashicorp-forge/hermes/tests/api/suite.go:149.2,149.12 1 0
github.com/hashicorp-forge/hermes/tests/api/suite.go:153.37,155.27 2 0
github.com/hashicorp-forge/hermes/tests/api/suite.go:155.27,157.3 1 0
github.com/hashicorp-forge/hermes/tests/api/suite.go:159.2,165.16 2 0
github.com/hashicorp-forge/hermes/tests/api/suite.go:165.16,167.3 1 0
github.com/hashicorp-forge/hermes/tests/api/suite.go:170.2,173.45 3 0
github.com/hashicorp-forge/hermes/tests/api/suite.go:173.45,175.3 1 0
github.com/hashicorp-forge/hermes/tests/api/suite.go:177.2,180.49 2 0
github.com/hashicorp-forge/hermes/tests/api/suite.go:180.49,184.3 3 0
github.com/hashicorp-forge/hermes/tests/api/suite.go:186.2,186.12 1 0
github.com/hashicorp-forge/hermes/tests/api/suite.go:190.51,213.2 1 0
github.com/hashicorp-forge/hermes/tests/api/suite.go:216.49,223.30 2 0
github.com/hashicorp-forge/hermes/tests/api/suite.go:223.30,224.46 1 0
github.com/hashicorp-forge/hermes/tests/api/suite.go:224.46,226.4 1 0
github.com/hashicorp-forge/hermes/tests/api/suite.go:230.2,234.50 2 0
github.com/hashicorp-forge/hermes/tests/api/suite.go:234.50,236.3 1 0
github.com/hashicorp-forge/hermes/tests/api/suite.go:238.2,238.12 1 0
github.com/hashicorp-forge/hermes/tests/api/suite.go:242.37,280.49 12 0
github.com/hashicorp-forge/hermes/tests/api/suite.go:280.49,282.3 1 0
github.com/hashicorp-forge/hermes/tests/api/suite.go:284.2,284.12 1 0
github.com/hashicorp-forge/hermes/tests/api/suite.go:288.27,290.48 1 0
github.com/hashicorp-forge/hermes/tests/api/suite.go:290.48,292.3 1 0
github.com/hashicorp-forge/hermes/tests/api/suite.go:296.49,297.30 1 0
github.com/hashicorp-forge/hermes/tests/api/suite.go:297.30,300.3 2 0
github.com/hashicorp-forge/hermes/tests/api/suite.go:304.30,305.30 1 0
github.com/hashicorp-forge/hermes/tests/api/suite.go:305.30,308.3 2 0
github.com/hashicorp-forge/hermes/tests/api/suite.go:314.67,316.2 1 0
github.com/hashicorp-forge/hermes/tests/api/suite.go:318.61,320.2 1 0
github.com/hashicorp-forge/hermes/tests/api/suite.go:322.44,324.2 1 0
github.com/hashicorp-forge/hermes/tests/api/suite.go:326.65,328.2 1 0
github.com/hashicorp-forge/hermes/tests/api/suite.go:332.84,334.2 1 0
github.com/hashicorp-forge/hermes/tests/api/suite.go:336.92,338.2 1 0
github.com/hashicorp-forge/hermes/tests/api/suite.go:340.77,342.2 1 0
github.com/hashicorp-forge/hermes/tests/api/suite.go:344.85,346.2 1 0
github.com/hashicorp-forge/hermes/tests/api/suite.go:348.114,358.2 1 0
github.com/hashicorp-forge/hermes/tests/api/suite.go:360.105,362.2 1 0
github.com/hashicorp-forge/hermes/tests/api/suite.go:364.62,366.2 1 0
github.com/hashicorp-forge/hermes/tests/api/suite.go:370.81,372.2 1 0
github.com/hashicorp-forge/hermes/tests/api/suite.go:374.89,376.2 1 0
github.com/hashicorp-forge/hermes/tests/api/suite.go:378.74,380.2 1 0
github.com/hashicorp-forge/hermes/tests/api/suite.go:382.82,384.2 1 0
github.com/hashicorp-forge/hermes/tests/api/suite.go:386.111,396.2 1 0
github.com/hashicorp-forge/hermes/tests/api/suite.go:398.102,400.2 1 0
github.com/hashicorp-forge/hermes/tests/api/suite.go:402.59,404.2 1 0
github.com/hashicorp-forge/hermes/tests/api/suite.go:408.67,411.20 2 24
github.com/hashicorp-forge/hermes/tests/api/suite.go:412.37,413.22 1 2
github.com/hashicorp-forge/hermes/tests/api/suite.go:414.37,415.23 1 1
github.com/hashicorp-forge/hermes/tests/api/suite.go:416.37,417.22 1 1
github.com/hashicorp-forge/hermes/tests/api/suite.go:418.32,419.17 1 1
github.com/hashicorp-forge/hermes/tests/api/suite.go:420.10,421.17 1 19
github.com/hashicorp-forge/hermes/tests/api/suite.go:424.2,435.28 2 24
github.com/hashicorp-forge/hermes/tests/api/suite.go:435.28,437.3 1 1
github.com/hashicorp-forge/hermes/tests/api/suite.go:440.2,440.24 1 24
github.com/hashicorp-forge/hermes/tests/api/suite.go:440.24,442.3 1 1
github.com/hashicorp-forge/hermes/tests/api/suite.go:445.2,445.22 1 24
github.com/hashicorp-forge/hermes/tests/api/suite.go:445.22,447.3 1 1
github.com/hashicorp-forge/hermes/tests/api/suite.go:450.2,450.37 1 24
github.com/hashicorp-forge/hermes/tests/api/suite.go:450.37,451.15 1 5
github.com/hashicorp-forge/hermes/tests/api/suite.go:451.15,453.4 1 4
github.com/hashicorp-forge/hermes/tests/api/suite.go:457.2,457.34 1 24
github.com/hashicorp-forge/hermes/tests/api/suite.go:457.34,458.15 1 3
github.com/hashicorp-forge/hermes/tests/api/suite.go:458.15,460.4 1 2
github.com/hashicorp-forge/hermes/tests/api/suite.go:464.2,469.38 4 24
github.com/hashicorp-forge/hermes/tests/api/suite.go:469.38,470.16 1 3
github.com/hashicorp-forge/hermes/tests/api/suite.go:470.16,472.4 1 2
github.com/hashicorp-forge/hermes/tests/api/suite.go:475.2,475.18 1 24
