mode: atomic
github.com/hashicorp-forge/hermes/tests/api/client.go:22.54,28.2 1 5
github.com/hashicorp-forge/hermes/tests/api/client.go:32.40,34.2 1 0
github.com/hashicorp-forge/hermes/tests/api/client.go:37.45,39.2 1 0
github.com/hashicorp-forge/hermes/tests/api/client.go:42.64,44.2 1 0
github.com/hashicorp-forge/hermes/tests/api/client.go:47.63,49.2 1 0
github.com/hashicorp-forge/hermes/tests/api/client.go:52.65,54.2 1 0
github.com/hashicorp-forge/hermes/tests/api/client.go:57.48,59.2 1 0
github.com/hashicorp-forge/hermes/tests/api/client.go:62.75,65.17 2 0
github.com/hashicorp-forge/hermes/tests/api/client.go:65.17,67.17 2 0
github.com/hashicorp-forge/hermes/tests/api/client.go:67.17,69.4 1 0
github.com/hashicorp-forge/hermes/tests/api/client.go:70.3,70.38 1 0
github.com/hashicorp-forge/hermes/tests/api/client.go:73.2,75.16 3 0
github.com/hashicorp-forge/hermes/tests/api/client.go:75.16,77.3 1 0
github.com/hashicorp-forge/hermes/tests/api/client.go:79.2,79.17 1 0
github.com/hashicorp-forge/hermes/tests/api/client.go:79.17,81.3 1 0
github.com/hashicorp-forge/hermes/tests/api/client.go:84.2,84.18 1 0
github.com/hashicorp-forge/hermes/tests/api/client.go:84.18,86.3 1 0
github.com/hashicorp-forge/hermes/tests/api/client.go:88.2,89.16 2 0
github.com/hashicorp-forge/hermes/tests/api/client.go:89.16,91.3 1 0
github.com/hashicorp-forge/hermes/tests/api/client.go:93.2,96.3 1 0
github.com/hashicorp-forge/hermes/tests/api/client.go:100.80,102.16 2 0
github.com/hashicorp-forge/hermes/tests/api/client.go:102.16,104.3 1 0
github.com/hashicorp-forge/hermes/tests/api/client.go:106.2,107.27 2 0
github.com/hashicorp-forge/hermes/tests/api/client.go:107.27,109.3 1 0
github.com/hashicorp-forge/hermes/tests/api/client.go:110.2,113.16 3 0
github.com/hashicorp-forge/hermes/tests/api/client.go:113.16,115.3 1 0
github.com/hashicorp-forge/hermes/tests/api/client.go:117.2,117.18 1 0
github.com/hashicorp-forge/hermes/tests/api/client.go:117.18,119.3 1 0
github.com/hashicorp-forge/hermes/tests/api/client.go:121.2,122.16 2 0
github.com/hashicorp-forge/hermes/tests/api/client.go:122.16,124.3 1 0
github.com/hashicorp-forge/hermes/tests/api/client.go:126.2,129.3 1 0
github.com/hashicorp-forge/hermes/tests/api/client.go:140.57,141.30 1 0
github.com/hashicorp-forge/hermes/tests/api/client.go:141.30,144.3 2 0
github.com/hashicorp-forge/hermes/tests/api/client.go:145.2,145.10 1 0
github.com/hashicorp-forge/hermes/tests/api/client.go:149.47,151.2 1 0
github.com/hashicorp-forge/hermes/tests/api/client.go:154.52,156.2 1 0
github.com/hashicorp-forge/hermes/tests/api/client.go:159.54,161.2 1 0
github.com/hashicorp-forge/hermes/tests/api/client.go:164.55,166.2 1 0
github.com/hashicorp-forge/hermes/tests/api/client.go:169.57,171.2 1 0
github.com/hashicorp-forge/hermes/tests/api/client.go:174.54,176.2 1 0
github.com/hashicorp-forge/hermes/tests/api/client.go:179.53,181.2 1 0
github.com/hashicorp-forge/hermes/tests/api/client.go:184.64,186.2 1 0
github.com/hashicorp-forge/hermes/tests/api/client.go:190.56,192.16 2 0
github.com/hashicorp-forge/hermes/tests/api/client.go:192.16,194.3 1 0
github.com/hashicorp-forge/hermes/tests/api/client.go:195.2,197.48 2 0
github.com/hashicorp-forge/hermes/tests/api/client.go:197.48,199.3 1 0
github.com/hashicorp-forge/hermes/tests/api/client.go:200.2,200.10 1 0
github.com/hashicorp-forge/hermes/tests/api/client.go:204.88,206.16 2 0
github.com/hashicorp-forge/hermes/tests/api/client.go:206.16,208.3 1 0
github.com/hashicorp-forge/hermes/tests/api/client.go:209.2,212.52 3 0
github.com/hashicorp-forge/hermes/tests/api/client.go:212.52,214.3 1 0
github.com/hashicorp-forge/hermes/tests/api/client.go:216.2,217.9 2 0
github.com/hashicorp-forge/hermes/tests/api/client.go:217.9,219.3 1 0
github.com/hashicorp-forge/hermes/tests/api/client.go:221.2,221.58 1 0
github.com/hashicorp-forge/hermes/tests/api/client.go:221.58,223.3 1 0
github.com/hashicorp-forge/hermes/tests/api/client.go:225.2,225.10 1 0
github.com/hashicorp-forge/hermes/tests/api/client.go:229.37,231.16 2 0
github.com/hashicorp-forge/hermes/tests/api/client.go:231.16,233.3 1 0
github.com/hashicorp-forge/hermes/tests/api/client.go:234.2,235.21 2 0
github.com/hashicorp-forge/hermes/tests/api/client.go:239.64,241.29 2 0
github.com/hashicorp-forge/hermes/tests/api/client.go:241.29,243.3 1 0
github.com/hashicorp-forge/hermes/tests/api/client.go:244.2,244.10 1 0
github.com/hashicorp-forge/hermes/tests/api/client.go:248.38,251.2 1 0
github.com/hashicorp-forge/hermes/tests/api/helpers.go:35.80,39.21 3 0
github.com/hashicorp-forge/hermes/tests/api/helpers.go:39.21,41.3 1 0
github.com/hashicorp-forge/hermes/tests/api/helpers.go:43.2,43.15 1 0
github.com/hashicorp-forge/hermes/tests/api/helpers.go:43.15,44.31 1 0
github.com/hashicorp-forge/hermes/tests/api/helpers.go:44.31,47.4 2 0
github.com/hashicorp-forge/hermes/tests/api/helpers.go:50.3,50.45 1 0
github.com/hashicorp-forge/hermes/tests/api/helpers.go:50.45,52.4 1 0
github.com/hashicorp-forge/hermes/tests/api/helpers.go:55.2,55.11 1 0
github.com/hashicorp-forge/hermes/tests/api/helpers.go:76.89,78.33 2 0
github.com/hashicorp-forge/hermes/tests/api/helpers.go:78.33,80.3 1 0
github.com/hashicorp-forge/hermes/tests/api/helpers.go:103.101,105.33 2 0
github.com/hashicorp-forge/hermes/tests/api/helpers.go:105.33,108.3 2 0
github.com/hashicorp-forge/hermes/tests/api/helpers.go:112.48,113.21 1 0
github.com/hashicorp-forge/hermes/tests/api/helpers.go:113.21,115.3 1 0
github.com/hashicorp-forge/hermes/tests/api/helpers.go:117.2,121.63 3 0
github.com/hashicorp-forge/hermes/tests/api/helpers.go:121.63,126.3 2 0
github.com/hashicorp-forge/hermes/tests/api/helpers.go:129.2,129.72 1 0
github.com/hashicorp-forge/hermes/tests/api/helpers.go:129.72,134.3 2 0
github.com/hashicorp-forge/hermes/tests/api/helpers.go:136.2,136.73 1 0
github.com/hashicorp-forge/hermes/tests/api/helpers.go:136.73,142.3 2 0
github.com/hashicorp-forge/hermes/tests/api/helpers.go:146.56,147.21 1 0
github.com/hashicorp-forge/hermes/tests/api/helpers.go:147.21,149.3 1 0
github.com/hashicorp-forge/hermes/tests/api/helpers.go:151.2,155.25 3 0
github.com/hashicorp-forge/hermes/tests/api/helpers.go:155.25,158.78 3 0
github.com/hashicorp-forge/hermes/tests/api/helpers.go:158.78,163.4 2 0
github.com/hashicorp-forge/hermes/tests/api/suite.go:79.52,87.46 2 0
github.com/hashicorp-forge/hermes/tests/api/suite.go:87.46,89.3 1 0
github.com/hashicorp-forge/hermes/tests/api/suite.go:92.2,92.44 1 0
github.com/hashicorp-forge/hermes/tests/api/suite.go:92.44,94.3 1 0
github.com/hashicorp-forge/hermes/tests/api/suite.go:97.2,100.27 2 0
github.com/hashicorp-forge/hermes/tests/api/suite.go:100.27,101.36 1 0
github.com/hashicorp-forge/hermes/tests/api/suite.go:101.36,104.4 2 0
github.com/hashicorp-forge/hermes/tests/api/suite.go:108.2,108.44 1 0
github.com/hashicorp-forge/hermes/tests/api/suite.go:108.44,111.3 2 0
github.com/hashicorp-forge/hermes/tests/api/suite.go:114.2,116.14 2 0
github.com/hashicorp-forge/hermes/tests/api/suite.go:120.39,122.15 2 0
github.com/hashicorp-forge/hermes/tests/api/suite.go:122.15,124.3 1 0
github.com/hashicorp-forge/hermes/tests/api/suite.go:126.2,127.16 2 0
github.com/hashicorp-forge/hermes/tests/api/suite.go:127.16,129.3 1 0
github.com/hashicorp-forge/hermes/tests/api/suite.go:131.2,135.72 3 0
github.com/hashicorp-forge/hermes/tests/api/suite.go:135.72,137.3 1 0
github.com/hashicorp-forge/hermes/tests/api/suite.go:140.2,140.43 1 0
github.com/hashicorp-forge/hermes/tests/api/suite.go:140.43,142.3 1 0
github.com/hashicorp-forge/hermes/tests/api/suite.go:145.2,145.49 1 0
github.com/hashicorp-forge/hermes/tests/api/suite.go:145.49,147.3 1 0
github.com/hashicorp-forge/hermes/tests/api/suite.go:149.2,149.12 1 0
github.com/hashicorp-forge/hermes/tests/api/suite.go:153.37,155.27 2 0
github.com/hashicorp-forge/hermes/tests/api/suite.go:155.27,157.3 1 0
github.com/hashicorp-forge/hermes/tests/api/suite.go:159.2,165.16 2 0
github.com/hashicorp-forge/hermes/tests/api/suite.go:165.16,167.3 1 0
github.com/hashicorp-forge/hermes/tests/api/suite.go:170.2,173.45 3 0
github.com/hashicorp-forge/hermes/tests/api/suite.go:173.45,175.3 1 0
github.com/hashicorp-forge/hermes/tests/api/suite.go:177.2,180.49 2 0
github.com/hashicorp-forge/hermes/tests/api/suite.go:180.49,184.3 3 0
github.com/hashicorp-forge/hermes/tests/api/suite.go:186.2,186.12 1 0
github.com/hashicorp-forge/hermes/tests/api/suite.go:190.51,213.2 1 0
github.com/hashicorp-forge/hermes/tests/api/suite.go:216.49,223.30 2 0
github.com/hashicorp-forge/hermes/tests/api/suite.go:223.30,224.46 1 0
github.com/hashicorp-forge/hermes/tests/api/suite.go:224.46,226.4 1 0
github.com/hashicorp-forge/hermes/tests/api/suite.go:230.2,234.50 2 0
github.com/hashicorp-forge/hermes/tests/api/suite.go:234.50,236.3 1 0
github.com/hashicorp-forge/hermes/tests/api/suite.go:238.2,238.12 1 0
github.com/hashicorp-forge/hermes/tests/api/suite.go:242.37,280.49 12 0
github.com/hashicorp-forge/hermes/tests/api/suite.go:280.49,282.3 1 0
github.com/hashicorp-forge/hermes/tests/api/suite.go:284.2,284.12 1 0
github.com/hashicorp-forge/hermes/tests/api/suite.go:288.27,290.48 1 0
github.com/hashicorp-forge/hermes/tests/api/suite.go:290.48,292.3 1 0
github.com/hashicorp-forge/hermes/tests/api/suite.go:296.49,297.30 1 0
github.com/hashicorp-forge/hermes/tests/api/suite.go:297.30,300.3 2 0
github.com/hashicorp-forge/hermes/tests/api/suite.go:304.30,305.30 1 0
github.com/hashicorp-forge/hermes/tests/api/suite.go:305.30,308.3 2 0
github.com/hashicorp-forge/hermes/tests/api/suite.go:314.67,316.2 1 0
github.com/hashicorp-forge/hermes/tests/api/suite.go:318.61,320.2 1 0
github.com/hashicorp-forge/hermes/tests/api/suite.go:322.44,324.2 1 0
github.com/hashicorp-forge/hermes/tests/api/suite.go:326.65,328.2 1 0
github.com/hashicorp-forge/hermes/tests/api/suite.go:332.84,334.2 1 0
github.com/hashicorp-forge/hermes/tests/api/suite.go:336.92,338.2 1 0
github.com/hashicorp-forge/hermes/tests/api/suite.go:340.77,342.2 1 0
github.com/hashicorp-forge/hermes/tests/api/suite.go:344.85,346.2 1 0
github.com/hashicorp-forge/hermes/tests/api/suite.go:348.114,358.2 1 0
github.com/hashicorp-forge/hermes/tests/api/suite.go:360.105,362.2 1 0
github.com/hashicorp-forge/hermes/tests/api/suite.go:364.62,366.2 1 0
github.com/hashicorp-forge/hermes/tests/api/suite.go:370.81,372.2 1 0
github.com/hashicorp-forge/hermes/tests/api/suite.go:374.89,376.2 1 0
github.com/hashicorp-forge/hermes/tests/api/suite.go:378.74,380.2 1 0
github.com/hashicorp-forge/hermes/tests/api/suite.go:382.82,384.2 1 0
github.com/hashicorp-forge/hermes/tests/api/suite.go:386.111,396.2 1 0
github.com/hashicorp-forge/hermes/tests/api/suite.go:398.102,400.2 1 0
github.com/hashicorp-forge/hermes/tests/api/suite.go:402.59,404.2 1 0
github.com/hashicorp-forge/hermes/tests/api/suite.go:408.67,411.20 2 4
github.com/hashicorp-forge/hermes/tests/api/suite.go:412.37,413.22 1 1
github.com/hashicorp-forge/hermes/tests/api/suite.go:414.37,415.23 1 0
github.com/hashicorp-forge/hermes/tests/api/suite.go:416.37,417.22 1 0
github.com/hashicorp-forge/hermes/tests/api/suite.go:418.32,419.17 1 0
github.com/hashicorp-forge/hermes/tests/api/suite.go:420.10,421.17 1 3
github.com/hashicorp-forge/hermes/tests/api/suite.go:424.2,435.28 2 4
github.com/hashicorp-forge/hermes/tests/api/suite.go:435.28,437.3 1 1
github.com/hashicorp-forge/hermes/tests/api/suite.go:440.2,440.24 1 4
github.com/hashicorp-forge/hermes/tests/api/suite.go:440.24,442.3 1 1
github.com/hashicorp-forge/hermes/tests/api/suite.go:445.2,445.22 1 4
github.com/hashicorp-forge/hermes/tests/api/suite.go:445.22,447.3 1 1
github.com/hashicorp-forge/hermes/tests/api/suite.go:450.2,450.37 1 4
github.com/hashicorp-forge/hermes/tests/api/suite.go:450.37,451.15 1 2
github.com/hashicorp-forge/hermes/tests/api/suite.go:451.15,453.4 1 2
github.com/hashicorp-forge/hermes/tests/api/suite.go:457.2,457.34 1 4
github.com/hashicorp-forge/hermes/tests/api/suite.go:457.34,458.15 1 0
github.com/hashicorp-forge/hermes/tests/api/suite.go:458.15,460.4 1 0
github.com/hashicorp-forge/hermes/tests/api/suite.go:464.2,469.38 4 4
github.com/hashicorp-forge/hermes/tests/api/suite.go:469.38,470.16 1 0
github.com/hashicorp-forge/hermes/tests/api/suite.go:470.16,472.4 1 0
github.com/hashicorp-forge/hermes/tests/api/suite.go:475.2,475.18 1 4
github.com/hashicorp-forge/hermes/tests/api/fixtures/builders.go:21.37,34.2 2 0
github.com/hashicorp-forge/hermes/tests/api/fixtures/builders.go:37.72,40.2 2 0
github.com/hashicorp-forge/hermes/tests/api/fixtures/builders.go:43.68,46.2 2 0
github.com/hashicorp-forge/hermes/tests/api/fixtures/builders.go:49.72,52.2 2 0
github.com/hashicorp-forge/hermes/tests/api/fixtures/builders.go:55.85,58.2 2 0
github.com/hashicorp-forge/hermes/tests/api/fixtures/builders.go:61.72,66.2 2 0
github.com/hashicorp-forge/hermes/tests/api/fixtures/builders.go:69.68,74.2 2 0
github.com/hashicorp-forge/hermes/tests/api/fixtures/builders.go:77.74,82.2 2 0
github.com/hashicorp-forge/hermes/tests/api/fixtures/builders.go:85.71,90.2 2 0
github.com/hashicorp-forge/hermes/tests/api/fixtures/builders.go:93.72,96.2 2 0
github.com/hashicorp-forge/hermes/tests/api/fixtures/builders.go:99.73,102.2 2 0
github.com/hashicorp-forge/hermes/tests/api/fixtures/builders.go:105.73,108.2 2 0
github.com/hashicorp-forge/hermes/tests/api/fixtures/builders.go:111.74,114.2 2 0
github.com/hashicorp-forge/hermes/tests/api/fixtures/builders.go:117.80,125.2 2 0
github.com/hashicorp-forge/hermes/tests/api/fixtures/builders.go:128.52,130.2 1 0
github.com/hashicorp-forge/hermes/tests/api/fixtures/builders.go:133.78,135.35 1 0
github.com/hashicorp-forge/hermes/tests/api/fixtures/builders.go:135.35,137.93 2 0
github.com/hashicorp-forge/hermes/tests/api/fixtures/builders.go:137.93,139.4 1 0
github.com/hashicorp-forge/hermes/tests/api/fixtures/builders.go:140.3,141.31 2 0
github.com/hashicorp-forge/hermes/tests/api/fixtures/builders.go:145.2,145.30 1 0
github.com/hashicorp-forge/hermes/tests/api/fixtures/builders.go:145.30,147.88 2 0
github.com/hashicorp-forge/hermes/tests/api/fixtures/builders.go:147.88,149.4 1 0
github.com/hashicorp-forge/hermes/tests/api/fixtures/builders.go:150.3,151.26 2 0
github.com/hashicorp-forge/hermes/tests/api/fixtures/builders.go:152.8,152.33 1 0
github.com/hashicorp-forge/hermes/tests/api/fixtures/builders.go:152.33,155.50 2 0
github.com/hashicorp-forge/hermes/tests/api/fixtures/builders.go:155.50,157.4 1 0
github.com/hashicorp-forge/hermes/tests/api/fixtures/builders.go:158.3,159.26 2 0
github.com/hashicorp-forge/hermes/tests/api/fixtures/builders.go:163.2,163.58 1 0
github.com/hashicorp-forge/hermes/tests/api/fixtures/builders.go:163.58,166.17 3 0
github.com/hashicorp-forge/hermes/tests/api/fixtures/builders.go:166.17,168.55 1 0
github.com/hashicorp-forge/hermes/tests/api/fixtures/builders.go:168.55,170.5 1 0
github.com/hashicorp-forge/hermes/tests/api/fixtures/builders.go:171.4,171.24 1 0
github.com/hashicorp-forge/hermes/tests/api/fixtures/builders.go:173.3,174.23 2 0
github.com/hashicorp-forge/hermes/tests/api/fixtures/builders.go:178.2,178.45 1 0
github.com/hashicorp-forge/hermes/tests/api/fixtures/builders.go:178.45,179.33 1 0
github.com/hashicorp-forge/hermes/tests/api/fixtures/builders.go:179.33,182.18 3 0
github.com/hashicorp-forge/hermes/tests/api/fixtures/builders.go:182.18,184.52 1 0
github.com/hashicorp-forge/hermes/tests/api/fixtures/builders.go:184.52,186.6 1 0
github.com/hashicorp-forge/hermes/tests/api/fixtures/builders.go:187.5,187.20 1 0
github.com/hashicorp-forge/hermes/tests/api/fixtures/builders.go:189.4,189.33 1 0
github.com/hashicorp-forge/hermes/tests/api/fixtures/builders.go:194.2,194.43 1 0
github.com/hashicorp-forge/hermes/tests/api/fixtures/builders.go:194.43,195.34 1 0
github.com/hashicorp-forge/hermes/tests/api/fixtures/builders.go:195.34,198.18 3 0
github.com/hashicorp-forge/hermes/tests/api/fixtures/builders.go:198.18,200.53 1 0
github.com/hashicorp-forge/hermes/tests/api/fixtures/builders.go:200.53,202.6 1 0
github.com/hashicorp-forge/hermes/tests/api/fixtures/builders.go:203.5,203.21 1 0
github.com/hashicorp-forge/hermes/tests/api/fixtures/builders.go:205.4,205.30 1 0
github.com/hashicorp-forge/hermes/tests/api/fixtures/builders.go:209.2,209.47 1 0
github.com/hashicorp-forge/hermes/tests/api/fixtures/builders.go:209.47,211.3 1 0
github.com/hashicorp-forge/hermes/tests/api/fixtures/builders.go:212.2,212.14 1 0
github.com/hashicorp-forge/hermes/tests/api/fixtures/builders.go:221.29,227.2 1 0
github.com/hashicorp-forge/hermes/tests/api/fixtures/builders.go:230.60,233.2 2 0
github.com/hashicorp-forge/hermes/tests/api/fixtures/builders.go:236.44,238.2 1 0
github.com/hashicorp-forge/hermes/tests/api/fixtures/builders.go:241.70,242.48 1 0
github.com/hashicorp-forge/hermes/tests/api/fixtures/builders.go:242.48,244.3 1 0
github.com/hashicorp-forge/hermes/tests/api/fixtures/builders.go:245.2,245.15 1 0
github.com/hashicorp-forge/hermes/tests/api/fixtures/builders.go:254.35,261.2 1 0
github.com/hashicorp-forge/hermes/tests/api/fixtures/builders.go:264.64,267.2 2 0
github.com/hashicorp-forge/hermes/tests/api/fixtures/builders.go:270.72,273.2 2 0
github.com/hashicorp-forge/hermes/tests/api/fixtures/builders.go:276.50,278.2 1 0
github.com/hashicorp-forge/hermes/tests/api/fixtures/builders.go:281.76,282.51 1 0
github.com/hashicorp-forge/hermes/tests/api/fixtures/builders.go:282.51,284.3 1 0
github.com/hashicorp-forge/hermes/tests/api/fixtures/builders.go:285.2,285.18 1 0
github.com/hashicorp-forge/hermes/tests/api/fixtures/builders.go:294.35,306.2 3 0
github.com/hashicorp-forge/hermes/tests/api/fixtures/builders.go:309.66,312.2 2 0
github.com/hashicorp-forge/hermes/tests/api/fixtures/builders.go:315.71,318.2 2 0
github.com/hashicorp-forge/hermes/tests/api/fixtures/builders.go:321.82,324.2 2 0
github.com/hashicorp-forge/hermes/tests/api/fixtures/builders.go:327.68,332.2 2 0
github.com/hashicorp-forge/hermes/tests/api/fixtures/builders.go:335.50,337.2 1 0
github.com/hashicorp-forge/hermes/tests/api/fixtures/builders.go:340.76,341.51 1 0
github.com/hashicorp-forge/hermes/tests/api/fixtures/builders.go:341.51,343.3 1 0
github.com/hashicorp-forge/hermes/tests/api/fixtures/builders.go:344.2,344.18 1 0
github.com/hashicorp-forge/hermes/tests/api/fixtures/builders.go:348.26,350.2 1 0
github.com/hashicorp-forge/hermes/tests/api/helpers/assertions.go:14.82,17.29 2 0
github.com/hashicorp-forge/hermes/tests/api/helpers/assertions.go:17.29,19.3 1 0
github.com/hashicorp-forge/hermes/tests/api/helpers/assertions.go:20.2,20.22 1 0
github.com/hashicorp-forge/hermes/tests/api/helpers/assertions.go:20.22,22.3 1 0
github.com/hashicorp-forge/hermes/tests/api/helpers/assertions.go:23.2,23.22 1 0
github.com/hashicorp-forge/hermes/tests/api/helpers/assertions.go:23.22,25.3 1 0
github.com/hashicorp-forge/hermes/tests/api/helpers/assertions.go:26.2,26.29 1 0
github.com/hashicorp-forge/hermes/tests/api/helpers/assertions.go:26.29,28.3 1 0
github.com/hashicorp-forge/hermes/tests/api/helpers/assertions.go:29.2,29.24 1 0
github.com/hashicorp-forge/hermes/tests/api/helpers/assertions.go:29.24,31.3 1 0
github.com/hashicorp-forge/hermes/tests/api/helpers/assertions.go:32.2,32.22 1 0
github.com/hashicorp-forge/hermes/tests/api/helpers/assertions.go:32.22,35.3 2 0
github.com/hashicorp-forge/hermes/tests/api/helpers/assertions.go:36.2,36.28 1 0
github.com/hashicorp-forge/hermes/tests/api/helpers/assertions.go:36.28,38.3 1 0
github.com/hashicorp-forge/hermes/tests/api/helpers/assertions.go:39.2,39.31 1 0
github.com/hashicorp-forge/hermes/tests/api/helpers/assertions.go:39.31,41.3 1 0
github.com/hashicorp-forge/hermes/tests/api/helpers/assertions.go:57.83,60.22 2 0
github.com/hashicorp-forge/hermes/tests/api/helpers/assertions.go:60.22,62.3 1 0
github.com/hashicorp-forge/hermes/tests/api/helpers/assertions.go:63.2,63.22 1 0
github.com/hashicorp-forge/hermes/tests/api/helpers/assertions.go:63.22,65.3 1 0
github.com/hashicorp-forge/hermes/tests/api/helpers/assertions.go:66.2,66.24 1 0
github.com/hashicorp-forge/hermes/tests/api/helpers/assertions.go:66.24,68.3 1 0
github.com/hashicorp-forge/hermes/tests/api/helpers/assertions.go:69.2,69.28 1 0
github.com/hashicorp-forge/hermes/tests/api/helpers/assertions.go:69.28,72.3 2 0
github.com/hashicorp-forge/hermes/tests/api/helpers/assertions.go:84.89,94.2 7 0
github.com/hashicorp-forge/hermes/tests/api/helpers/assertions.go:97.73,104.2 5 0
github.com/hashicorp-forge/hermes/tests/api/helpers/assertions.go:107.95,111.14 3 0
github.com/hashicorp-forge/hermes/tests/api/helpers/assertions.go:111.14,113.3 1 0
github.com/hashicorp-forge/hermes/tests/api/helpers/assertions.go:114.2,114.95 1 0
github.com/hashicorp-forge/hermes/tests/api/helpers/assertions.go:118.65,121.26 2 0
github.com/hashicorp-forge/hermes/tests/api/helpers/assertions.go:121.26,122.17 1 0
github.com/hashicorp-forge/hermes/tests/api/helpers/assertions.go:122.17,124.4 1 0
github.com/hashicorp-forge/hermes/tests/api/helpers/assertions.go:126.2,126.46 1 0
github.com/hashicorp-forge/hermes/tests/api/helpers/assertions.go:130.68,133.26 2 0
github.com/hashicorp-forge/hermes/tests/api/helpers/assertions.go:133.26,134.17 1 0
github.com/hashicorp-forge/hermes/tests/api/helpers/assertions.go:134.17,137.4 2 0
